Error in example 'five': list assignment index out of range
Traceback (most recent call last):
  File "/home/runner/work/engr-csc591-021-spring2023/engr-csc591-021-spring2023/src/HW7/run.py", line 35, in make_attempt
    passed = funs[what]()
  File "/home/runner/work/engr-csc591-021-spring2023/engr-csc591-021-spring2023/src/HW7/examples.py", line 281, in eg_function_22
    for _,rx in stats.tiles(sk).items():
  File "/home/runner/work/engr-csc591-021-spring2023/engr-csc591-021-spring2023/src/HW7/stats.py", line 33, in tiles
    u[i] = '-'
IndexError: list assignment index out of range

❌ fail:	 five
Error in example 'six': 'set' object has no attribute 'sort'
Traceback (most recent call last):
  File "/home/runner/work/engr-csc591-021-spring2023/engr-csc591-021-spring2023/src/HW7/run.py", line 35, in make_attempt
    passed = funs[what]()
  File "/home/runner/work/engr-csc591-021-spring2023/engr-csc591-021-spring2023/src/HW7/examples.py", line 286, in eg_function_23
    lists.RX({101,100,99,101,99.5,101,100,99,101,99.5},"rx1"),
  File "/home/runner/work/engr-csc591-021-spring2023/engr-csc591-021-spring2023/src/HW7/lists.py", line 144, in RX
    sort2(t, None)
  File "/home/runner/work/engr-csc591-021-spring2023/engr-csc591-021-spring2023/src/HW7/lists.py", line 68, in sort2
    return t.sort( key = fun)
AttributeError: 'set' object has no attribute 'sort'

❌ fail:	 six
Error in example 'sk': list assignment index out of range
Traceback (most recent call last):
  File "/home/runner/work/engr-csc591-021-spring2023/engr-csc591-021-spring2023/src/HW7/run.py", line 35, in make_attempt
    passed = funs[what]()
  File "/home/runner/work/engr-csc591-021-spring2023/engr-csc591-021-spring2023/src/HW7/examples.py", line 351, in eg_function_25
    rxs[k] =  lists.RX(v,"rx"+str(k))
IndexError: list assignment index out of range

❌ fail:	 sk
#W ?k <class 'str'>
#W ?v <class 'dict'>
#W ?settings <class 'function'>
#W ?cli <class 'function'>
#W ?make_attempt <class 'function'>
#W ?main <class 'function'>
#W ?Seed <class 'int'>
✅ Number of tests passing -> 0
❌ Number of tests failing -> 3
